Started at Tue Feb 06 09:08:52 UTC 2024
Processing DOCKER_TEST
Offering DOCKER_TEST to Project Build Discarder
Processing PIPELINE_DEMO
Offering PIPELINE_DEMO to Project Build Discarder
Finished at Tue Feb 06 09:08:52 UTC 2024. 20ms
Started at Tue Feb 06 10:08:52 UTC 2024
Processing DOCKER_TEST
Offering DOCKER_TEST to Project Build Discarder
Processing PIPELINE_DEMO
Offering PIPELINE_DEMO to Project Build Discarder
Finished at Tue Feb 06 10:08:52 UTC 2024. 5ms
Started at Tue Feb 06 11:08:52 UTC 2024
Processing DOCKER_TEST
Offering DOCKER_TEST to Project Build Discarder
Processing PIPELINE_DEMO
Offering PIPELINE_DEMO to Project Build Discarder
Finished at Tue Feb 06 11:08:52 UTC 2024. 6ms
Started at Tue Feb 06 12:08:52 UTC 2024
Processing DOCKER_TEST
Offering DOCKER_TEST to Project Build Discarder
Processing PIPELINE_DEMO
Offering PIPELINE_DEMO to Project Build Discarder
Finished at Tue Feb 06 12:08:52 UTC 2024. 5ms
Started at Tue Feb 06 13:08:52 UTC 2024
Processing DOCKER_TEST
Offering DOCKER_TEST to Project Build Discarder
Processing PIPELINE_DEMO
Offering PIPELINE_DEMO to Project Build Discarder
Finished at Tue Feb 06 13:08:52 UTC 2024. 7ms
